adguardhome
adminerevo:adminerevo-apache:adminerevo-fpm
airsonic-refix
alpine-linux
apache
badwolf
brave
burpsuite
darkhttpd
ttyd
element-web
grafana
prometheus
dasherr:dasherr-apache:dasherr-fpm
dnsmasq
documentserver
filebrowser
flatnotes
jupyter-notebook
gitea
glances
go
gonic
hello
homepage
calibreweb
navidrome
littlejet
lychee
inventree
jellyfin
librewolf
lxde
mailpit
mariadb
metube
minetest
minidlna
miniflux
minio
nextcloud:nextcloud-apache:nextcloud-fpm
nginx
php
phpmyadmin:phpmyadmin-apache:phpmyadmin-fpm
postgres
python
rabbitmq
rest-server
rust
rustypaste
searxng
snappymail
sopel
teleirc
thelounge
wireguard
wordpress:wordpress-apache:wordpress-fpm
xclock
xrdp
